Using pre-set license

 COMMAND LINE ARGUMENTS:
/Applications/Unity/Hub/Editor/2020.2.1f1/Unity.app/Contents/MacOS/Unity
-adb2
-batchMode
-noUpm
-name
AssetImportWorker0
-projectPath
/Users/sergey/3D learning project
-logFile
Logs/AssetImportWorker0.log
-srvPort
55635
Successfully changed project path to: /Users/sergey/3D learning project
/Users/sergey/3D learning project
Using Asset Import Pipeline V2.
Refreshing native plugins compatible for Editor in 31.18 ms, found 1 plugins.
Preloading 0 native plugins for Editor in 0.00 ms.
Initialize engine version: 2020.2.1f1 (270dd8c3da1c)
[Subsystems] Discovering subsystems at path /Applications/Unity/Hub/Editor/2020.2.1f1/Unity.app/Contents/Resources/UnitySubsystems
[Subsystems] Discovering subsystems at path /Users/sergey/3D learning project/Assets
GfxDevice: creating device client; threaded=0
2021-01-24 17:05:33.651 Unity[11260:379194] Color LCD preferred device: Intel(R) Iris(TM) Plus Graphics 640 (low power)
2021-01-24 17:05:33.651 Unity[11260:379194] Metal devices available: 1
2021-01-24 17:05:33.651 Unity[11260:379194] 0: Intel(R) Iris(TM) Plus Graphics 640 (low power)
2021-01-24 17:05:33.651 Unity[11260:379194] Using device Intel(R) Iris(TM) Plus Graphics 640 (low power)
Initializing Metal device caps: Intel(R) Iris(TM) Plus Graphics 640
Initialize mono
Mono path[0] = '/Applications/Unity/Hub/Editor/2020.2.1f1/Unity.app/Contents/Managed'
Mono path[1] = '/Applications/Unity/Hub/Editor/2020.2.1f1/Unity.app/Contents/MonoBleedingEdge/lib/mono/unityjit'
Mono config path = '/Applications/Unity/Hub/Editor/2020.2.1f1/Unity.app/Contents/MonoBleedingEdge/etc'
Using monoOptions --debugger-agent=transport=dt_socket,embedding=1,server=y,suspend=n,address=127.0.0.1:56260
Begin MonoManager ReloadAssembly
Registering precompiled unity dll's ...
Register platform support module: /Applications/Unity/Hub/Editor/2020.2.1f1/Unity.app/Contents/PlaybackEngines/MacStandaloneSupport/UnityEditor.OSXStandalone.Extensions.dll
Registered in 0.000626 seconds.
Native extension for OSXStandalone target not found
Refreshing native plugins compatible for Editor in 30.11 ms, found 1 plugins.
Preloading 0 native plugins for Editor in 0.00 ms.
Invoked RoslynAnalysisRunner static constructor.
RoslynAnalysisRunner will not be running.
RoslynAnalysisRunner has terminated.
Mono: successfully reloaded assembly
- Completed reload, in  3.506 seconds
Platform modules already initialized, skipping
Registering precompiled user dll's ...
Registered in 0.000358 seconds.
Begin MonoManager ReloadAssembly
Native extension for OSXStandalone target not found
Refreshing native plugins compatible for Editor in 0.25 ms, found 1 plugins.
Preloading 0 native plugins for Editor in 0.00 ms.
Invoked RoslynAnalysisRunner static constructor.
RoslynAnalysisRunner will not be running.
RoslynAnalysisRunner has terminated.
Mono: successfully reloaded assembly
- Completed reload, in  1.155 seconds
Platform modules already initialized, skipping
========================================================================
Worker process is ready to serve import requests
Launching external process: /Applications/Unity/Hub/Editor/2020.2.1f1/Unity.app/Contents/Tools/UnityShaderCompiler
Launched and connected shader compiler UnityShaderCompiler after 0.02 seconds
Refreshing native plugins compatible for Editor in 0.29 ms, found 1 plugins.
Preloading 0 native plugins for Editor in 0.00 ms.
Unloading 1198 Unused Serialized files (Serialized files now loaded: 0)
System memory in use before: 119.2 MB.
System memory in use after: 119.3 MB.

Unloading 9 unused Assets to reduce memory usage. Loaded Objects now: 1639.
Total: 3.307178 ms (FindLiveObjects: 0.464736 ms CreateObjectMapping: 0.123622 ms MarkObjects: 2.610492 ms  DeleteObjects: 0.106005 ms)

========================================================================
Received Import Request.
  path: Assets/Scenes/main_Profiles/Post Processing Profile.asset
  artifactKey: Guid(db474d4eb48294e558a9bab70ab9f290) Importer(815301076,1909f56bfc062723c751e8b465ee728b)
Start importing Assets/Scenes/main_Profiles/Post Processing Profile.asset using Guid(db474d4eb48294e558a9bab70ab9f290) Importer(815301076,1909f56bfc062723c751e8b465ee728b)  -> (artifact id: '75dd87aea80e08ce5aad0466f5fabd79') in 1.248933 seconds
  Import took 1.251553 seconds .

========================================================================
Received Import Request.
  Time since last request: 809.628816 seconds.
  path: Assets/Materials
  artifactKey: Guid(5774887e0470b4629957ebfd5d016425) Importer(815301076,1909f56bfc062723c751e8b465ee728b)
Start importing Assets/Materials using Guid(5774887e0470b4629957ebfd5d016425) Importer(815301076,1909f56bfc062723c751e8b465ee728b)  -> (artifact id: 'e6a32637d3f8c9768d690a5bd3548cbe') in 0.003627 seconds
  Import took 0.006518 seconds .

========================================================================
Received Prepare
Refreshing native plugins compatible for Editor in 0.97 ms, found 1 plugins.
Preloading 0 native plugins for Editor in 0.00 ms.
Unloading 3 Unused Serialized files (Serialized files now loaded: 0)
System memory in use before: 99.2 MB.
System memory in use after: 99.3 MB.

Unloading 2 unused Assets to reduce memory usage. Loaded Objects now: 1639.
Total: 2.577976 ms (FindLiveObjects: 0.205973 ms CreateObjectMapping: 0.039104 ms MarkObjects: 2.304384 ms  DeleteObjects: 0.026773 ms)

========================================================================
Received Import Request.
  Time since last request: 61.266351 seconds.
  path: Assets/Materials/Platform 1.mat
  artifactKey: Guid(5af20c8605d8f49bc9b803bc03101675) Importer(815301076,1909f56bfc062723c751e8b465ee728b)
Start importing Assets/Materials/Platform 1.mat using Guid(5af20c8605d8f49bc9b803bc03101675) Importer(815301076,1909f56bfc062723c751e8b465ee728b)  -> (artifact id: '5ba2d5064a75cf43b0f4303fcf6afa93') in 0.722755 seconds
  Import took 0.725896 seconds .

========================================================================
Received Import Request.
  Time since last request: 0.000937 seconds.
  path: Assets/Materials/Platform 1.mat
  artifactKey: Guid(5af20c8605d8f49bc9b803bc03101675) Importer(815301076,1909f56bfc062723c751e8b465ee728b)
Start importing Assets/Materials/Platform 1.mat using Guid(5af20c8605d8f49bc9b803bc03101675) Importer(815301076,1909f56bfc062723c751e8b465ee728b)  -> (artifact id: '5ba2d5064a75cf43b0f4303fcf6afa93') in 0.012674 seconds
  Import took 0.016289 seconds .

========================================================================
Received Prepare
Registering precompiled user dll's ...
Registered in 0.000483 seconds.
Begin MonoManager ReloadAssembly
Native extension for OSXStandalone target not found
Refreshing native plugins compatible for Editor in 0.39 ms, found 1 plugins.
Preloading 0 native plugins for Editor in 0.00 ms.
Invoked RoslynAnalysisRunner static constructor.
RoslynAnalysisRunner will not be running.
RoslynAnalysisRunner has terminated.
Mono: successfully reloaded assembly
- Completed reload, in  1.407 seconds
Platform modules already initialized, skipping
Refreshing native plugins compatible for Editor in 0.44 ms, found 1 plugins.
Preloading 0 native plugins for Editor in 0.00 ms.
Unloading 1169 Unused Serialized files (Serialized files now loaded: 0)
System memory in use before: 129.5 MB.
System memory in use after: 129.5 MB.

Unloading 4 unused Assets to reduce memory usage. Loaded Objects now: 1682.
Total: 2.850415 ms (FindLiveObjects: 0.270967 ms CreateObjectMapping: 0.126917 ms MarkObjects: 2.429199 ms  DeleteObjects: 0.021675 ms)

========================================================================
Received Import Request.
  Time since last request: 289.830695 seconds.
  path: Assets/Scripts/ExplodeCubes.cs
  artifactKey: Guid(cb29e1059206347e5bdc4a9442ac9f95) Importer(815301076,1909f56bfc062723c751e8b465ee728b)
Start importing Assets/Scripts/ExplodeCubes.cs using Guid(cb29e1059206347e5bdc4a9442ac9f95) Importer(815301076,1909f56bfc062723c751e8b465ee728b)  -> (artifact id: 'f837c37e18a46b262bb889e3089df9db') in 4.218280 seconds
  Import took 4.221098 seconds .

========================================================================
Received Prepare
Registering precompiled user dll's ...
Registered in 0.000452 seconds.
Begin MonoManager ReloadAssembly
Native extension for OSXStandalone target not found
Refreshing native plugins compatible for Editor in 0.27 ms, found 1 plugins.
Preloading 0 native plugins for Editor in 0.00 ms.
Invoked RoslynAnalysisRunner static constructor.
RoslynAnalysisRunner will not be running.
RoslynAnalysisRunner has terminated.
Mono: successfully reloaded assembly
- Completed reload, in  0.996 seconds
Platform modules already initialized, skipping
Refreshing native plugins compatible for Editor in 0.23 ms, found 1 plugins.
Preloading 0 native plugins for Editor in 0.00 ms.
Unloading 1170 Unused Serialized files (Serialized files now loaded: 0)
System memory in use before: 134.0 MB.
System memory in use after: 134.1 MB.

Unloading 4 unused Assets to reduce memory usage. Loaded Objects now: 1684.
Total: 2.017047 ms (FindLiveObjects: 0.288556 ms CreateObjectMapping: 0.088963 ms MarkObjects: 1.613538 ms  DeleteObjects: 0.021725 ms)

========================================================================
Received Import Request.
  Time since last request: 1.669432 seconds.
  path: Assets/Scripts/ExplodeCubes.cs
  artifactKey: Guid(cb29e1059206347e5bdc4a9442ac9f95) Importer(815301076,1909f56bfc062723c751e8b465ee728b)
Start importing Assets/Scripts/ExplodeCubes.cs using Guid(cb29e1059206347e5bdc4a9442ac9f95) Importer(815301076,1909f56bfc062723c751e8b465ee728b)  -> (artifact id: 'f837c37e18a46b262bb889e3089df9db') in 0.008195 seconds
  Import took 0.010823 seconds .

========================================================================
Received Import Request.
  Time since last request: 91.786967 seconds.
  path: Assets/Scripts/RotateCamera.cs
  artifactKey: Guid(e70d441d5164e46a4b7fe5657054b785) Importer(815301076,1909f56bfc062723c751e8b465ee728b)
Start importing Assets/Scripts/RotateCamera.cs using Guid(e70d441d5164e46a4b7fe5657054b785) Importer(815301076,1909f56bfc062723c751e8b465ee728b)  -> (artifact id: 'e2094e0c53e3c7fc80e03b864bcb64da') in 0.004197 seconds
  Import took 0.009188 seconds .

========================================================================
Received Import Request.
  Time since last request: 264.055747 seconds.
  path: Assets/Scripts/ExplodeCubes.cs
  artifactKey: Guid(cb29e1059206347e5bdc4a9442ac9f95) Importer(815301076,1909f56bfc062723c751e8b465ee728b)
Start importing Assets/Scripts/ExplodeCubes.cs using Guid(cb29e1059206347e5bdc4a9442ac9f95) Importer(815301076,1909f56bfc062723c751e8b465ee728b)  -> (artifact id: 'de2cf437211032d6f274804ffb27e153') in 0.004184 seconds
  Import took 0.008614 seconds .

========================================================================
Received Import Request.
  Time since last request: 100.417062 seconds.
  path: ProjectSettings/TagManager.asset
  artifactKey: Guid(00000000000000003000000000000000) Importer(815301076,1909f56bfc062723c751e8b465ee728b)
Start importing ProjectSettings/TagManager.asset using Guid(00000000000000003000000000000000) Importer(815301076,1909f56bfc062723c751e8b465ee728b)  -> (artifact id: 'bc51c3890bf31d01a55692d7dca3d53d') in 0.013850 seconds
  Import took 0.020864 seconds .

========================================================================
Received Prepare
Registering precompiled user dll's ...
Registered in 0.000434 seconds.
Begin MonoManager ReloadAssembly
Native extension for OSXStandalone target not found
Refreshing native plugins compatible for Editor in 0.27 ms, found 1 plugins.
Preloading 0 native plugins for Editor in 0.00 ms.
Invoked RoslynAnalysisRunner static constructor.
RoslynAnalysisRunner will not be running.
RoslynAnalysisRunner has terminated.
Mono: successfully reloaded assembly
- Completed reload, in  0.985 seconds
Platform modules already initialized, skipping
Refreshing native plugins compatible for Editor in 0.23 ms, found 1 plugins.
Preloading 0 native plugins for Editor in 0.00 ms.
Unloading 1170 Unused Serialized files (Serialized files now loaded: 0)
System memory in use before: 134.3 MB.
System memory in use after: 134.3 MB.

Unloading 5 unused Assets to reduce memory usage. Loaded Objects now: 1686.
Total: 1.865902 ms (FindLiveObjects: 0.312112 ms CreateObjectMapping: 0.118723 ms MarkObjects: 1.415545 ms  DeleteObjects: 0.017209 ms)

========================================================================
Received Prepare
Registering precompiled user dll's ...
Registered in 0.000464 seconds.
Begin MonoManager ReloadAssembly
Native extension for OSXStandalone target not found
Refreshing native plugins compatible for Editor in 0.72 ms, found 1 plugins.
Preloading 0 native plugins for Editor in 0.00 ms.
Invoked RoslynAnalysisRunner static constructor.
RoslynAnalysisRunner will not be running.
RoslynAnalysisRunner has terminated.
Mono: successfully reloaded assembly
- Completed reload, in  1.209 seconds
Platform modules already initialized, skipping
Refreshing native plugins compatible for Editor in 0.20 ms, found 1 plugins.
Preloading 0 native plugins for Editor in 0.00 ms.
Unloading 1170 Unused Serialized files (Serialized files now loaded: 0)
System memory in use before: 134.5 MB.
System memory in use after: 134.6 MB.

Unloading 4 unused Assets to reduce memory usage. Loaded Objects now: 1688.
Total: 2.062820 ms (FindLiveObjects: 0.199280 ms CreateObjectMapping: 0.043444 ms MarkObjects: 1.791395 ms  DeleteObjects: 0.025983 ms)

========================================================================
Received Import Request.
  Time since last request: 693.241172 seconds.
  path: Assets/Materials/New Physic Material.physicMaterial
  artifactKey: Guid(4b9719340db534dbe8adfe28f2d2d739) Importer(815301076,1909f56bfc062723c751e8b465ee728b)
Start importing Assets/Materials/New Physic Material.physicMaterial using Guid(4b9719340db534dbe8adfe28f2d2d739) Importer(815301076,1909f56bfc062723c751e8b465ee728b)  -> (artifact id: '00d1245df8f49d15b8d59289c251183f') in 0.201506 seconds
  Import took 0.204197 seconds .

========================================================================
Received Import Request.
  Time since last request: 13.988084 seconds.
  path: Assets/Materials/Ground.physicMaterial
  artifactKey: Guid(4b9719340db534dbe8adfe28f2d2d739) Importer(815301076,1909f56bfc062723c751e8b465ee728b)
Start importing Assets/Materials/Ground.physicMaterial using Guid(4b9719340db534dbe8adfe28f2d2d739) Importer(815301076,1909f56bfc062723c751e8b465ee728b)  -> (artifact id: 'db1610868c262e60dfd374911d188c64') in 0.004359 seconds
  Import took 0.007019 seconds .

========================================================================
Received Prepare
Registering precompiled user dll's ...
Registered in 0.002183 seconds.
Begin MonoManager ReloadAssembly
Native extension for OSXStandalone target not found
Refreshing native plugins compatible for Editor in 0.28 ms, found 1 plugins.
Preloading 0 native plugins for Editor in 0.00 ms.
Invoked RoslynAnalysisRunner static constructor.
RoslynAnalysisRunner will not be running.
RoslynAnalysisRunner has terminated.
Mono: successfully reloaded assembly
- Completed reload, in  1.499 seconds
Platform modules already initialized, skipping
Refreshing native plugins compatible for Editor in 0.27 ms, found 1 plugins.
Preloading 0 native plugins for Editor in 0.00 ms.
Unloading 1170 Unused Serialized files (Serialized files now loaded: 0)
System memory in use before: 139.0 MB.
System memory in use after: 139.0 MB.

Unloading 4 unused Assets to reduce memory usage. Loaded Objects now: 1690.
Total: 4.274543 ms (FindLiveObjects: 0.458420 ms CreateObjectMapping: 0.177381 ms MarkObjects: 3.603765 ms  DeleteObjects: 0.032162 ms)

========================================================================
Received Import Request.
  Time since last request: 11705.628117 seconds.
  path: Assets/Materials/Platform 1.mat
  artifactKey: Guid(67e6b0989e26f4ad0882cf5e22f7878c) Importer(815301076,1909f56bfc062723c751e8b465ee728b)
Start importing Assets/Materials/Platform 1.mat using Guid(67e6b0989e26f4ad0882cf5e22f7878c) Importer(815301076,1909f56bfc062723c751e8b465ee728b)  -> (artifact id: '7473d3989e9e3b468c1dc8d57b1ed596') in 1.004198 seconds
  Import took 1.109672 seconds .

========================================================================
Received Import Request.
  Time since last request: 55.551967 seconds.
  path: Assets/Materials/MainCube 1.mat
  artifactKey: Guid(df84429352c594b1c84c8ba3bc265c42) Importer(815301076,1909f56bfc062723c751e8b465ee728b)
Start importing Assets/Materials/MainCube 1.mat using Guid(df84429352c594b1c84c8ba3bc265c42) Importer(815301076,1909f56bfc062723c751e8b465ee728b)  -> (artifact id: '0a1ed9db22ea293169a62949d732fa18') in 0.027417 seconds
  Import took 0.036303 seconds .

========================================================================
Received Import Request.
  Time since last request: 158.260654 seconds.
  path: Assets/Scripts/GameController.cs
  artifactKey: Guid(fe9608f8573044d8b8f3b694a2ea01bd) Importer(815301076,1909f56bfc062723c751e8b465ee728b)
Start importing Assets/Scripts/GameController.cs using Guid(fe9608f8573044d8b8f3b694a2ea01bd) Importer(815301076,1909f56bfc062723c751e8b465ee728b)  -> (artifact id: 'd5ff98cfeba8e1b2a2386b4b9f9a90e0') in 0.011449 seconds
  Import took 0.014737 seconds .

========================================================================
Received Prepare
Registering precompiled user dll's ...
Registered in 0.000460 seconds.
Begin MonoManager ReloadAssembly
Native extension for OSXStandalone target not found
Refreshing native plugins compatible for Editor in 0.28 ms, found 1 plugins.
Preloading 0 native plugins for Editor in 0.00 ms.
Invoked RoslynAnalysisRunner static constructor.
RoslynAnalysisRunner will not be running.
RoslynAnalysisRunner has terminated.
Mono: successfully reloaded assembly
- Completed reload, in  1.355 seconds
Platform modules already initialized, skipping
Refreshing native plugins compatible for Editor in 0.37 ms, found 1 plugins.
Preloading 0 native plugins for Editor in 0.00 ms.
Unloading 1171 Unused Serialized files (Serialized files now loaded: 0)
System memory in use before: 139.5 MB.
System memory in use after: 139.6 MB.

Unloading 4 unused Assets to reduce memory usage. Loaded Objects now: 1694.
Total: 1.662359 ms (FindLiveObjects: 0.183347 ms CreateObjectMapping: 0.038141 ms MarkObjects: 1.422663 ms  DeleteObjects: 0.017044 ms)

========================================================================
Received Prepare
Registering precompiled user dll's ...
Registered in 0.000565 seconds.
Begin MonoManager ReloadAssembly
Native extension for OSXStandalone target not found
Refreshing native plugins compatible for Editor in 0.36 ms, found 1 plugins.
Preloading 0 native plugins for Editor in 0.00 ms.
Invoked RoslynAnalysisRunner static constructor.
RoslynAnalysisRunner will not be running.
RoslynAnalysisRunner has terminated.
Mono: successfully reloaded assembly
- Completed reload, in  1.074 seconds
Platform modules already initialized, skipping
Refreshing native plugins compatible for Editor in 0.27 ms, found 1 plugins.
Preloading 0 native plugins for Editor in 0.00 ms.
Unloading 1171 Unused Serialized files (Serialized files now loaded: 0)
System memory in use before: 139.9 MB.
System memory in use after: 140.0 MB.

Unloading 4 unused Assets to reduce memory usage. Loaded Objects now: 1696.
Total: 1.887885 ms (FindLiveObjects: 0.249459 ms CreateObjectMapping: 0.063169 ms MarkObjects: 1.556530 ms  DeleteObjects: 0.017057 ms)

========================================================================
Received Prepare
Registering precompiled user dll's ...
Registered in 0.000429 seconds.
Begin MonoManager ReloadAssembly
Native extension for OSXStandalone target not found
Refreshing native plugins compatible for Editor in 0.23 ms, found 1 plugins.
Preloading 0 native plugins for Editor in 0.00 ms.
Invoked RoslynAnalysisRunner static constructor.
RoslynAnalysisRunner will not be running.
RoslynAnalysisRunner has terminated.
Mono: successfully reloaded assembly
- Completed reload, in  1.027 seconds
Platform modules already initialized, skipping
Refreshing native plugins compatible for Editor in 0.30 ms, found 1 plugins.
Preloading 0 native plugins for Editor in 0.00 ms.
Unloading 1171 Unused Serialized files (Serialized files now loaded: 0)
System memory in use before: 140.3 MB.
System memory in use after: 140.4 MB.

Unloading 4 unused Assets to reduce memory usage. Loaded Objects now: 1698.
Total: 1.915772 ms (FindLiveObjects: 0.244288 ms CreateObjectMapping: 0.045289 ms MarkObjects: 1.601588 ms  DeleteObjects: 0.022244 ms)

========================================================================
Received Prepare
Registering precompiled user dll's ...
Registered in 0.000604 seconds.
Begin MonoManager ReloadAssembly
Native extension for OSXStandalone target not found
Refreshing native plugins compatible for Editor in 0.37 ms, found 1 plugins.
Preloading 0 native plugins for Editor in 0.00 ms.
Invoked RoslynAnalysisRunner static constructor.
RoslynAnalysisRunner will not be running.
RoslynAnalysisRunner has terminated.
Mono: successfully reloaded assembly
- Completed reload, in  1.644 seconds
Platform modules already initialized, skipping
Refreshing native plugins compatible for Editor in 0.24 ms, found 1 plugins.
Preloading 0 native plugins for Editor in 0.00 ms.
Unloading 1171 Unused Serialized files (Serialized files now loaded: 0)
System memory in use before: 140.6 MB.
System memory in use after: 140.7 MB.

Unloading 4 unused Assets to reduce memory usage. Loaded Objects now: 1700.
Total: 2.325460 ms (FindLiveObjects: 0.245605 ms CreateObjectMapping: 0.058610 ms MarkObjects: 2.001382 ms  DeleteObjects: 0.018458 ms)

========================================================================
Received Prepare
Registering precompiled user dll's ...
Registered in 0.000655 seconds.
Begin MonoManager ReloadAssembly
Native extension for OSXStandalone target not found
Refreshing native plugins compatible for Editor in 0.29 ms, found 1 plugins.
Preloading 0 native plugins for Editor in 0.00 ms.
Invoked RoslynAnalysisRunner static constructor.
RoslynAnalysisRunner will not be running.
RoslynAnalysisRunner has terminated.
Mono: successfully reloaded assembly
- Completed reload, in  1.052 seconds
Platform modules already initialized, skipping
Refreshing native plugins compatible for Editor in 0.34 ms, found 1 plugins.
Preloading 0 native plugins for Editor in 0.00 ms.
Unloading 1171 Unused Serialized files (Serialized files now loaded: 0)
System memory in use before: 140.9 MB.
System memory in use after: 141.0 MB.

Unloading 4 unused Assets to reduce memory usage. Loaded Objects now: 1702.
Total: 2.879349 ms (FindLiveObjects: 0.276369 ms CreateObjectMapping: 0.070588 ms MarkObjects: 2.505474 ms  DeleteObjects: 0.025079 ms)

========================================================================
Received Prepare
Registering precompiled user dll's ...
Registered in 0.000413 seconds.
Begin MonoManager ReloadAssembly
Native extension for OSXStandalone target not found
Refreshing native plugins compatible for Editor in 0.57 ms, found 1 plugins.
Preloading 0 native plugins for Editor in 0.00 ms.
Invoked RoslynAnalysisRunner static constructor.
RoslynAnalysisRunner will not be running.
RoslynAnalysisRunner has terminated.
Mono: successfully reloaded assembly
- Completed reload, in  1.314 seconds
Platform modules already initialized, skipping
Refreshing native plugins compatible for Editor in 0.26 ms, found 1 plugins.
Preloading 0 native plugins for Editor in 0.00 ms.
Unloading 1171 Unused Serialized files (Serialized files now loaded: 0)
System memory in use before: 141.3 MB.
System memory in use after: 141.3 MB.

Unloading 4 unused Assets to reduce memory usage. Loaded Objects now: 1704.
Total: 1.589743 ms (FindLiveObjects: 0.179915 ms CreateObjectMapping: 0.033774 ms MarkObjects: 1.358948 ms  DeleteObjects: 0.014905 ms)

========================================================================
Received Prepare
Registering precompiled user dll's ...
Registered in 0.000401 seconds.
Begin MonoManager ReloadAssembly
Native extension for OSXStandalone target not found
Refreshing native plugins compatible for Editor in 0.37 ms, found 1 plugins.
Preloading 0 native plugins for Editor in 0.00 ms.
Invoked RoslynAnalysisRunner static constructor.
RoslynAnalysisRunner will not be running.
RoslynAnalysisRunner has terminated.
Mono: successfully reloaded assembly
- Completed reload, in  1.017 seconds
Platform modules already initialized, skipping
Refreshing native plugins compatible for Editor in 0.27 ms, found 1 plugins.
Preloading 0 native plugins for Editor in 0.00 ms.
Unloading 1171 Unused Serialized files (Serialized files now loaded: 0)
System memory in use before: 141.5 MB.
System memory in use after: 141.6 MB.

Unloading 4 unused Assets to reduce memory usage. Loaded Objects now: 1706.
Total: 2.176146 ms (FindLiveObjects: 0.383495 ms CreateObjectMapping: 0.073330 ms MarkObjects: 1.695357 ms  DeleteObjects: 0.021756 ms)

========================================================================
Received Prepare
Registering precompiled user dll's ...
Registered in 0.000378 seconds.
Begin MonoManager ReloadAssembly
Native extension for OSXStandalone target not found
Refreshing native plugins compatible for Editor in 0.31 ms, found 1 plugins.
Preloading 0 native plugins for Editor in 0.00 ms.
Invoked RoslynAnalysisRunner static constructor.
RoslynAnalysisRunner will not be running.
RoslynAnalysisRunner has terminated.
Mono: successfully reloaded assembly
- Completed reload, in  1.047 seconds
Platform modules already initialized, skipping
Refreshing native plugins compatible for Editor in 0.28 ms, found 1 plugins.
Preloading 0 native plugins for Editor in 0.00 ms.
Unloading 1171 Unused Serialized files (Serialized files now loaded: 0)
System memory in use before: 140.9 MB.
System memory in use after: 141.0 MB.

Unloading 4 unused Assets to reduce memory usage. Loaded Objects now: 1708.
Total: 2.768663 ms (FindLiveObjects: 0.327281 ms CreateObjectMapping: 0.126340 ms MarkObjects: 2.294177 ms  DeleteObjects: 0.018218 ms)

========================================================================
Received Import Request.
  Time since last request: 3036.866638 seconds.
  path: Assets/Prefabs
  artifactKey: Guid(10d7bdb6fe90f469584de4339433fdf6) Importer(815301076,1909f56bfc062723c751e8b465ee728b)
Start importing Assets/Prefabs using Guid(10d7bdb6fe90f469584de4339433fdf6) Importer(815301076,1909f56bfc062723c751e8b465ee728b)  -> (artifact id: '46895f16ce9c6b789c5405774832955f') in 0.005016 seconds
  Import took 0.010647 seconds .

========================================================================
Received Import Request.
  Time since last request: 17.906003 seconds.
  path: Assets/Prefabs/Main Cube.prefab
  artifactKey: Guid(aab9212ea77bc461fb384361e0ccace2) Importer(815301076,1909f56bfc062723c751e8b465ee728b)
Start importing Assets/Prefabs/Main Cube.prefab using Guid(aab9212ea77bc461fb384361e0ccace2) Importer(815301076,1909f56bfc062723c751e8b465ee728b)  -> (artifact id: '71805c91ff412a2b84433072e064a350') in 0.287366 seconds
  Import took 0.290430 seconds .

========================================================================
Received Prepare
Registering precompiled user dll's ...
Registered in 0.000431 seconds.
Begin MonoManager ReloadAssembly
Native extension for OSXStandalone target not found
Refreshing native plugins compatible for Editor in 0.27 ms, found 1 plugins.
Preloading 0 native plugins for Editor in 0.00 ms.
Invoked RoslynAnalysisRunner static constructor.
RoslynAnalysisRunner will not be running.
RoslynAnalysisRunner has terminated.
Mono: successfully reloaded assembly
- Completed reload, in  1.086 seconds
Platform modules already initialized, skipping
Refreshing native plugins compatible for Editor in 0.40 ms, found 1 plugins.
Preloading 0 native plugins for Editor in 0.00 ms.
Unloading 1171 Unused Serialized files (Serialized files now loaded: 0)
System memory in use before: 145.5 MB.
System memory in use after: 145.6 MB.

Unloading 4 unused Assets to reduce memory usage. Loaded Objects now: 1712.
Total: 1.854624 ms (FindLiveObjects: 0.345521 ms CreateObjectMapping: 0.056406 ms MarkObjects: 1.435335 ms  DeleteObjects: 0.015241 ms)

========================================================================
Received Prepare
Registering precompiled user dll's ...
Registered in 0.000541 seconds.
Begin MonoManager ReloadAssembly
Native extension for OSXStandalone target not found
Refreshing native plugins compatible for Editor in 0.31 ms, found 1 plugins.
Preloading 0 native plugins for Editor in 0.00 ms.
Invoked RoslynAnalysisRunner static constructor.
RoslynAnalysisRunner will not be running.
RoslynAnalysisRunner has terminated.
Mono: successfully reloaded assembly
- Completed reload, in  1.085 seconds
Platform modules already initialized, skipping
Refreshing native plugins compatible for Editor in 0.25 ms, found 1 plugins.
Preloading 0 native plugins for Editor in 0.00 ms.
Unloading 1171 Unused Serialized files (Serialized files now loaded: 0)
System memory in use before: 145.8 MB.
System memory in use after: 145.9 MB.

Unloading 4 unused Assets to reduce memory usage. Loaded Objects now: 1714.
Total: 1.741754 ms (FindLiveObjects: 0.209306 ms CreateObjectMapping: 0.046956 ms MarkObjects: 1.468851 ms  DeleteObjects: 0.015646 ms)

========================================================================
Received Prepare
Registering precompiled user dll's ...
Registered in 0.000479 seconds.
Begin MonoManager ReloadAssembly
Native extension for OSXStandalone target not found
Refreshing native plugins compatible for Editor in 0.30 ms, found 1 plugins.
Preloading 0 native plugins for Editor in 0.00 ms.
Invoked RoslynAnalysisRunner static constructor.
RoslynAnalysisRunner will not be running.
RoslynAnalysisRunner has terminated.
Mono: successfully reloaded assembly
- Completed reload, in  1.072 seconds
Platform modules already initialized, skipping
Refreshing native plugins compatible for Editor in 0.30 ms, found 1 plugins.
Preloading 0 native plugins for Editor in 0.00 ms.
Unloading 1171 Unused Serialized files (Serialized files now loaded: 0)
System memory in use before: 146.2 MB.
System memory in use after: 146.2 MB.

Unloading 4 unused Assets to reduce memory usage. Loaded Objects now: 1716.
Total: 2.249700 ms (FindLiveObjects: 0.362707 ms CreateObjectMapping: 0.077084 ms MarkObjects: 1.785685 ms  DeleteObjects: 0.022228 ms)

========================================================================
Received Prepare
Registering precompiled user dll's ...
Registered in 0.003591 seconds.
Begin MonoManager ReloadAssembly
Native extension for OSXStandalone target not found
Refreshing native plugins compatible for Editor in 0.27 ms, found 1 plugins.
Preloading 0 native plugins for Editor in 0.00 ms.
Invoked RoslynAnalysisRunner static constructor.
RoslynAnalysisRunner will not be running.
RoslynAnalysisRunner has terminated.
Mono: successfully reloaded assembly
- Completed reload, in  1.254 seconds
Platform modules already initialized, skipping
Refreshing native plugins compatible for Editor in 0.38 ms, found 1 plugins.
Preloading 0 native plugins for Editor in 0.00 ms.
Unloading 1171 Unused Serialized files (Serialized files now loaded: 0)
System memory in use before: 146.5 MB.
System memory in use after: 146.6 MB.

Unloading 4 unused Assets to reduce memory usage. Loaded Objects now: 1718.
Total: 1.560492 ms (FindLiveObjects: 0.200667 ms CreateObjectMapping: 0.039353 ms MarkObjects: 1.304075 ms  DeleteObjects: 0.014590 ms)

========================================================================
Received Prepare
Registering precompiled user dll's ...
Registered in 0.000430 seconds.
Begin MonoManager ReloadAssembly
Native extension for OSXStandalone target not found
Refreshing native plugins compatible for Editor in 0.27 ms, found 1 plugins.
Preloading 0 native plugins for Editor in 0.00 ms.
Invoked RoslynAnalysisRunner static constructor.
RoslynAnalysisRunner will not be running.
RoslynAnalysisRunner has terminated.
Mono: successfully reloaded assembly
- Completed reload, in  1.062 seconds
Platform modules already initialized, skipping
Refreshing native plugins compatible for Editor in 0.24 ms, found 1 plugins.
Preloading 0 native plugins for Editor in 0.00 ms.
Unloading 1171 Unused Serialized files (Serialized files now loaded: 0)
System memory in use before: 146.8 MB.
System memory in use after: 146.9 MB.

Unloading 4 unused Assets to reduce memory usage. Loaded Objects now: 1720.
Total: 2.356645 ms (FindLiveObjects: 0.330130 ms CreateObjectMapping: 0.159153 ms MarkObjects: 1.845062 ms  DeleteObjects: 0.019354 ms)

========================================================================
Received Prepare
Registering precompiled user dll's ...
Registered in 0.001385 seconds.
Begin MonoManager ReloadAssembly
Native extension for OSXStandalone target not found
Refreshing native plugins compatible for Editor in 0.28 ms, found 1 plugins.
Preloading 0 native plugins for Editor in 0.00 ms.
Invoked RoslynAnalysisRunner static constructor.
RoslynAnalysisRunner will not be running.
RoslynAnalysisRunner has terminated.
Mono: successfully reloaded assembly
- Completed reload, in  1.084 seconds
Platform modules already initialized, skipping
Refreshing native plugins compatible for Editor in 0.51 ms, found 1 plugins.
Preloading 0 native plugins for Editor in 0.00 ms.
Unloading 1171 Unused Serialized files (Serialized files now loaded: 0)
System memory in use before: 146.1 MB.
System memory in use after: 146.2 MB.

Unloading 4 unused Assets to reduce memory usage. Loaded Objects now: 1722.
Total: 2.513193 ms (FindLiveObjects: 0.342600 ms CreateObjectMapping: 0.082033 ms MarkObjects: 2.066327 ms  DeleteObjects: 0.019065 ms)

========================================================================
Received Import Request.
  Time since last request: 1153.360706 seconds.
  path: Assets/Scripts/GameController.cs
  artifactKey: Guid(fe9608f8573044d8b8f3b694a2ea01bd) Importer(815301076,1909f56bfc062723c751e8b465ee728b)
Start importing Assets/Scripts/GameController.cs using Guid(fe9608f8573044d8b8f3b694a2ea01bd) Importer(815301076,1909f56bfc062723c751e8b465ee728b)  -> (artifact id: '3382e75e0018462b009729b51d0fa03f') in 0.011815 seconds
  Import took 0.014404 seconds .

========================================================================
Received Import Request.
  Time since last request: 0.030054 seconds.
  path: Assets/Scripts/GameController.cs
  artifactKey: Guid(fe9608f8573044d8b8f3b694a2ea01bd) Importer(815301076,1909f56bfc062723c751e8b465ee728b)
Start importing Assets/Scripts/GameController.cs using Guid(fe9608f8573044d8b8f3b694a2ea01bd) Importer(815301076,1909f56bfc062723c751e8b465ee728b)  -> (artifact id: '3382e75e0018462b009729b51d0fa03f') in 0.025493 seconds
  Import took 0.030712 seconds .

