Using pre-set license

 COMMAND LINE ARGUMENTS:
/Applications/Unity/Hub/Editor/2020.2.1f1/Unity.app/Contents/MacOS/Unity
-adb2
-batchMode
-noUpm
-name
AssetImportWorker0
-projectPath
/Users/sergey/3D learning project
-logFile
Logs/AssetImportWorker0.log
-srvPort
54808
Successfully changed project path to: /Users/sergey/3D learning project
/Users/sergey/3D learning project
Using Asset Import Pipeline V2.
Refreshing native plugins compatible for Editor in 24.03 ms, found 1 plugins.
Preloading 0 native plugins for Editor in 0.00 ms.
Initialize engine version: 2020.2.1f1 (270dd8c3da1c)
[Subsystems] Discovering subsystems at path /Applications/Unity/Hub/Editor/2020.2.1f1/Unity.app/Contents/Resources/UnitySubsystems
[Subsystems] Discovering subsystems at path /Users/sergey/3D learning project/Assets
GfxDevice: creating device client; threaded=0
2021-01-24 16:11:39.528 Unity[9929:351502] Color LCD preferred device: Intel(R) Iris(TM) Plus Graphics 640 (low power)
2021-01-24 16:11:39.528 Unity[9929:351502] Metal devices available: 1
2021-01-24 16:11:39.528 Unity[9929:351502] 0: Intel(R) Iris(TM) Plus Graphics 640 (low power)
2021-01-24 16:11:39.528 Unity[9929:351502] Using device Intel(R) Iris(TM) Plus Graphics 640 (low power)
Initializing Metal device caps: Intel(R) Iris(TM) Plus Graphics 640
Initialize mono
Mono path[0] = '/Applications/Unity/Hub/Editor/2020.2.1f1/Unity.app/Contents/Managed'
Mono path[1] = '/Applications/Unity/Hub/Editor/2020.2.1f1/Unity.app/Contents/MonoBleedingEdge/lib/mono/unityjit'
Mono config path = '/Applications/Unity/Hub/Editor/2020.2.1f1/Unity.app/Contents/MonoBleedingEdge/etc'
Using monoOptions --debugger-agent=transport=dt_socket,embedding=1,server=y,suspend=n,address=127.0.0.1:56929
Begin MonoManager ReloadAssembly
Registering precompiled unity dll's ...
Register platform support module: /Applications/Unity/Hub/Editor/2020.2.1f1/Unity.app/Contents/PlaybackEngines/MacStandaloneSupport/UnityEditor.OSXStandalone.Extensions.dll
Registered in 0.000748 seconds.
Native extension for OSXStandalone target not found
Refreshing native plugins compatible for Editor in 28.75 ms, found 1 plugins.
Preloading 0 native plugins for Editor in 0.00 ms.
Invoked RoslynAnalysisRunner static constructor.
RoslynAnalysisRunner will not be running.
RoslynAnalysisRunner has terminated.
Mono: successfully reloaded assembly
- Completed reload, in  3.317 seconds
Platform modules already initialized, skipping
Registering precompiled user dll's ...
Registered in 0.000387 seconds.
Begin MonoManager ReloadAssembly
Native extension for OSXStandalone target not found
Refreshing native plugins compatible for Editor in 0.21 ms, found 1 plugins.
Preloading 0 native plugins for Editor in 0.00 ms.
Invoked RoslynAnalysisRunner static constructor.
RoslynAnalysisRunner will not be running.
RoslynAnalysisRunner has terminated.
Mono: successfully reloaded assembly
- Completed reload, in  1.103 seconds
Platform modules already initialized, skipping
========================================================================
Worker process is ready to serve import requests
Launching external process: /Applications/Unity/Hub/Editor/2020.2.1f1/Unity.app/Contents/Tools/UnityShaderCompiler
Launched and connected shader compiler UnityShaderCompiler after 0.02 seconds
Refreshing native plugins compatible for Editor in 0.20 ms, found 1 plugins.
Preloading 0 native plugins for Editor in 0.00 ms.
Unloading 1078 Unused Serialized files (Serialized files now loaded: 0)
System memory in use before: 111.3 MB.
System memory in use after: 111.3 MB.

Unloading 9 unused Assets to reduce memory usage. Loaded Objects now: 1519.
Total: 2.899607 ms (FindLiveObjects: 0.384295 ms CreateObjectMapping: 0.106683 ms MarkObjects: 2.263926 ms  DeleteObjects: 0.141726 ms)

========================================================================
Received Import Request.
  path: Assets/Materials/Platform.mat
  artifactKey: Guid(f59620db0ac154e1796757b950b7e25b) Importer(815301076,1909f56bfc062723c751e8b465ee728b)
Start importing Assets/Materials/Platform.mat using Guid(f59620db0ac154e1796757b950b7e25b) Importer(815301076,1909f56bfc062723c751e8b465ee728b)  -> (artifact id: '72620bf0f8905325d1c368c0a7b39085') in 1.271124 seconds
  Import took 1.273580 seconds .

========================================================================
Received Import Request.
  Time since last request: 3.687878 seconds.
  path: Assets/Scripts/RotateCamera.cs
  artifactKey: Guid(e70d441d5164e46a4b7fe5657054b785) Importer(815301076,1909f56bfc062723c751e8b465ee728b)
Start importing Assets/Scripts/RotateCamera.cs using Guid(e70d441d5164e46a4b7fe5657054b785) Importer(815301076,1909f56bfc062723c751e8b465ee728b)  -> (artifact id: '9ff29623075e0880dd90ccf78040c1c1') in 3.841681 seconds
  Import took 3.844264 seconds .

========================================================================
Received Prepare
Refreshing native plugins compatible for Editor in 1.19 ms, found 1 plugins.
Preloading 0 native plugins for Editor in 0.00 ms.
Unloading 3 Unused Serialized files (Serialized files now loaded: 0)
System memory in use before: 103.1 MB.
System memory in use after: 103.2 MB.

Unloading 2 unused Assets to reduce memory usage. Loaded Objects now: 1559.
Total: 3.498789 ms (FindLiveObjects: 0.149570 ms CreateObjectMapping: 0.050222 ms MarkObjects: 3.280838 ms  DeleteObjects: 0.016483 ms)

========================================================================
Received Import Request.
  Time since last request: 1052.978312 seconds.
  path: Assets/Scripts
  artifactKey: Guid(5c876f18aba474f5c9ce88b893bcf338) Importer(815301076,1909f56bfc062723c751e8b465ee728b)
Start importing Assets/Scripts using Guid(5c876f18aba474f5c9ce88b893bcf338) Importer(815301076,1909f56bfc062723c751e8b465ee728b)  -> (artifact id: 'cb764cf147843aea5118571f6f9a982b') in 0.004108 seconds
  Import took 0.008193 seconds .

========================================================================
Received Import Request.
  Time since last request: 0.003582 seconds.
  path: Assets/Scripts
  artifactKey: Guid(5c876f18aba474f5c9ce88b893bcf338) Importer(815301076,1909f56bfc062723c751e8b465ee728b)
Start importing Assets/Scripts using Guid(5c876f18aba474f5c9ce88b893bcf338) Importer(815301076,1909f56bfc062723c751e8b465ee728b)  -> (artifact id: 'cb764cf147843aea5118571f6f9a982b') in 0.004013 seconds
  Import took 0.010802 seconds .

========================================================================
Received Prepare
Registering precompiled user dll's ...
Registered in 0.000390 seconds.
Begin MonoManager ReloadAssembly
Native extension for OSXStandalone target not found
Refreshing native plugins compatible for Editor in 0.21 ms, found 1 plugins.
Preloading 0 native plugins for Editor in 0.00 ms.
Invoked RoslynAnalysisRunner static constructor.
RoslynAnalysisRunner will not be running.
RoslynAnalysisRunner has terminated.
Mono: successfully reloaded assembly
- Completed reload, in  1.036 seconds
Platform modules already initialized, skipping
Refreshing native plugins compatible for Editor in 0.22 ms, found 1 plugins.
Preloading 0 native plugins for Editor in 0.00 ms.
Unloading 1075 Unused Serialized files (Serialized files now loaded: 0)
System memory in use before: 123.8 MB.
System memory in use after: 123.9 MB.

Unloading 4 unused Assets to reduce memory usage. Loaded Objects now: 1561.
Total: 2.201951 ms (FindLiveObjects: 0.209207 ms CreateObjectMapping: 0.055841 ms MarkObjects: 1.919065 ms  DeleteObjects: 0.016193 ms)

========================================================================
Received Prepare
Registering precompiled user dll's ...
Registered in 0.000598 seconds.
Begin MonoManager ReloadAssembly
Native extension for OSXStandalone target not found
Refreshing native plugins compatible for Editor in 0.40 ms, found 1 plugins.
Preloading 0 native plugins for Editor in 0.00 ms.
[ScriptCompilation] NOT recompiling all scripts because this is an import worker process. Reason to compile was: Define symbols changed
Invoked RoslynAnalysisRunner static constructor.
RoslynAnalysisRunner will not be running.
RoslynAnalysisRunner has terminated.
Mono: successfully reloaded assembly
- Completed reload, in  1.833 seconds
Platform modules already initialized, skipping
Refreshing native plugins compatible for Editor in 0.36 ms, found 1 plugins.
Preloading 0 native plugins for Editor in 0.00 ms.
Unloading 1196 Unused Serialized files (Serialized files now loaded: 0)
System memory in use before: 131.6 MB.
System memory in use after: 130.0 MB.

Unloading 31 unused Assets to reduce memory usage. Loaded Objects now: 1656.
Total: 3.210148 ms (FindLiveObjects: 0.239602 ms CreateObjectMapping: 0.058212 ms MarkObjects: 2.119786 ms  DeleteObjects: 0.791213 ms)

========================================================================
Received Import Request.
  Time since last request: 924.629950 seconds.
  path: ProjectSettings/TagManager.asset
  artifactKey: Guid(00000000000000003000000000000000) Importer(815301076,1909f56bfc062723c751e8b465ee728b)
Start importing ProjectSettings/TagManager.asset using Guid(00000000000000003000000000000000) Importer(815301076,1909f56bfc062723c751e8b465ee728b)  -> (artifact id: '8988b340c206bb1d98ca0d47b0266d3b') in 0.353823 seconds
  Import took 0.356457 seconds .

========================================================================
Received Import Request.
  Time since last request: 181.150810 seconds.
  path: Assets/Scenes/main_Profiles
  artifactKey: Guid(a3b802625e2bc4861875ea7adb019397) Importer(815301076,1909f56bfc062723c751e8b465ee728b)
Start importing Assets/Scenes/main_Profiles using Guid(a3b802625e2bc4861875ea7adb019397) Importer(815301076,1909f56bfc062723c751e8b465ee728b)  -> (artifact id: '95ae461816595df9ad2ce0a18470f8b6') in 0.003435 seconds
  Import took 0.008841 seconds .

========================================================================
Received Import Request.
  Time since last request: 0.005595 seconds.
  path: Assets/Scenes/main_Profiles
  artifactKey: Guid(a3b802625e2bc4861875ea7adb019397) Importer(815301076,1909f56bfc062723c751e8b465ee728b)
Start importing Assets/Scenes/main_Profiles using Guid(a3b802625e2bc4861875ea7adb019397) Importer(815301076,1909f56bfc062723c751e8b465ee728b)  -> (artifact id: '95ae461816595df9ad2ce0a18470f8b6') in 0.002357 seconds
  Import took 0.006994 seconds .

========================================================================
Received Import Request.
  Time since last request: 0.090668 seconds.
  path: Assets/Scenes/main_Profiles/Post Processing Profile.asset
  artifactKey: Guid(db474d4eb48294e558a9bab70ab9f290) Importer(815301076,1909f56bfc062723c751e8b465ee728b)
Start importing Assets/Scenes/main_Profiles/Post Processing Profile.asset using Guid(db474d4eb48294e558a9bab70ab9f290) Importer(815301076,1909f56bfc062723c751e8b465ee728b)  -> (artifact id: 'fd002e42f7c4342a480e0ffd5ce25741') in 0.009367 seconds
  Import took 0.013037 seconds .

========================================================================
Received Prepare
Refreshing native plugins compatible for Editor in 1.07 ms, found 1 plugins.
Preloading 0 native plugins for Editor in 0.00 ms.
Unloading 33 Unused Serialized files (Serialized files now loaded: 0)
System memory in use before: 113.4 MB.
System memory in use after: 111.9 MB.

Unloading 30 unused Assets to reduce memory usage. Loaded Objects now: 1656.
Total: 3.785463 ms (FindLiveObjects: 0.280233 ms CreateObjectMapping: 0.072901 ms MarkObjects: 2.706907 ms  DeleteObjects: 0.723528 ms)

========================================================================
Received Import Request.
  Time since last request: 733.572488 seconds.
  path: ProjectSettings/ProjectSettings.asset
  artifactKey: Guid(00000000000000004000000000000000) Importer(815301076,1909f56bfc062723c751e8b465ee728b)
Start importing ProjectSettings/ProjectSettings.asset using Guid(00000000000000004000000000000000) Importer(815301076,1909f56bfc062723c751e8b465ee728b)  -> (artifact id: '5bba55760baa08b4cb76a5c0b0c25f49') in 0.012953 seconds
  Import took 0.016372 seconds .

========================================================================
Received Import Request.
  Time since last request: 0.000740 seconds.
  path: ProjectSettings/ProjectSettings.asset
  artifactKey: Guid(00000000000000004000000000000000) Importer(815301076,1909f56bfc062723c751e8b465ee728b)
Start importing ProjectSettings/ProjectSettings.asset using Guid(00000000000000004000000000000000) Importer(815301076,1909f56bfc062723c751e8b465ee728b)  -> (artifact id: '5bba55760baa08b4cb76a5c0b0c25f49') in 0.007440 seconds
  Import took 0.010005 seconds .

========================================================================
Received Prepare
Registering precompiled user dll's ...
Registered in 0.000429 seconds.
Begin MonoManager ReloadAssembly
Native extension for OSXStandalone target not found
Refreshing native plugins compatible for Editor in 0.28 ms, found 1 plugins.
Preloading 0 native plugins for Editor in 0.00 ms.
Invoked RoslynAnalysisRunner static constructor.
RoslynAnalysisRunner will not be running.
RoslynAnalysisRunner has terminated.
Mono: successfully reloaded assembly
- Completed reload, in  1.054 seconds
Platform modules already initialized, skipping
Refreshing native plugins compatible for Editor in 0.39 ms, found 1 plugins.
Preloading 0 native plugins for Editor in 0.00 ms.
Unloading 1195 Unused Serialized files (Serialized files now loaded: 0)
System memory in use before: 136.8 MB.
System memory in use after: 135.2 MB.

Unloading 33 unused Assets to reduce memory usage. Loaded Objects now: 1658.
Total: 2.905037 ms (FindLiveObjects: 0.265727 ms CreateObjectMapping: 0.065529 ms MarkObjects: 1.734199 ms  DeleteObjects: 0.837615 ms)

AssetImportWorkerClient::OnTransportError - code=2 error=End of file
